h:\!!!!!!!!nea project program\nea rpg engine project\nea rpg engine project\debug\vc143.pdb
h:\!!!!!!!!nea project program\nea rpg engine project\nea rpg engine project\debug\vc143.idb
h:\!!!!!!!!nea project program\nea rpg engine project\nea rpg engine project\debug\ui_window.obj
h:\!!!!!!!!nea project program\nea rpg engine project\nea rpg engine project\debug\editor.obj
h:\!!!!!!!!nea project program\nea rpg engine project\nea rpg engine project\debug\drawable_calculations.obj
h:\!!!!!!!!nea project program\nea rpg engine project\nea rpg engine project\debug\main.obj
h:\!!!!!!!!nea project program\nea rpg engine project\nea rpg engine project\debug\text_field.obj
h:\!!!!!!!!nea project program\nea rpg engine project\nea rpg engine project\debug\states.obj
h:\!!!!!!!!nea project program\nea rpg engine project\nea rpg engine project\debug\map_list_element.obj
h:\!!!!!!!!nea project program\nea rpg engine project\nea rpg engine project\debug\map.obj
h:\!!!!!!!!nea project program\nea rpg engine project\nea rpg engine project\debug\main_menu.obj
h:\!!!!!!!!nea project program\nea rpg engine project\nea rpg engine project\debug\button.obj
h:\!!!!!!!!nea project program\nea rpg engine project\nea rpg engine project\debug\vc142.pdb
h:\!!!!!!!!nea project program\nea rpg engine project\nea rpg engine project\debug\vc142.idb
h:\!!!!!!!!nea project program\nea rpg engine project\debug\nea rpg engine project.exe
h:\!!!!!!!!nea project program\nea rpg engine project\nea rpg engine project\debug\nea rpg engine project.ilk
h:\!!!!!!!!nea project program\nea rpg engine project\debug\nea rpg engine project.pdb
h:\!!!!!!!!nea project program\nea rpg engine project\nea rpg engine project\debug\nea rpg .f7671235.tlog\cl.command.1.tlog
h:\!!!!!!!!nea project program\nea rpg engine project\nea rpg engine project\debug\nea rpg .f7671235.tlog\cl.items.tlog
h:\!!!!!!!!nea project program\nea rpg engine project\nea rpg engine project\debug\nea rpg .f7671235.tlog\cl.read.1.tlog
h:\!!!!!!!!nea project program\nea rpg engine project\nea rpg engine project\debug\nea rpg .f7671235.tlog\cl.write.1.tlog
h:\!!!!!!!!nea project program\nea rpg engine project\nea rpg engine project\debug\nea rpg .f7671235.tlog\link.command.1.tlog
h:\!!!!!!!!nea project program\nea rpg engine project\nea rpg engine project\debug\nea rpg .f7671235.tlog\link.read.1.tlog
h:\!!!!!!!!nea project program\nea rpg engine project\nea rpg engine project\debug\nea rpg .f7671235.tlog\link.secondary.1.tlog
h:\!!!!!!!!nea project program\nea rpg engine project\nea rpg engine project\debug\nea rpg .f7671235.tlog\link.write.1.tlog
